<?xml version="1.0" encoding="UTF-8"?>
<!-- Generated by org.testng.reporters.JUnitReportReporter -->
<testsuite hostname="DESKTOP-DGD0HF4" failures="0" tests="3" name="com.TestLayer.RegisterPageTest" time="6.371" errors="0" timestamp="2023-06-04T12:55:13 IST" skipped="0">
  <testcase classname="com.TestLayer.RegisterPageTest" name="validateContactInformation" time="1.166"/>
  <system-out/>
  <testcase classname="com.TestLayer.RegisterPageTest" name="validateMailingInformation" time="0.763"/>
  <system-out/>
  <testcase classname="com.TestLayer.RegisterPageTest" name="validateUserInformation" time="4.442"/>
  <system-out/>
</testsuite> <!-- com.TestLayer.RegisterPageTest -->
