<?xml version="1.0" encoding="UTF-8"?>
<!-- Generated by org.testng.reporters.JUnitReportReporter -->
<testsuite hostname="DESKTOP-DGD0HF4" failures="0" tests="4" name="com.TestLayer.RegisterPageTest" time="5.560" errors="0" timestamp="2023-06-04T13:23:34 IST" skipped="0">
  <testcase classname="com.TestLayer.RegisterPageTest" name="validateContactInformation" time="1.120"/>
  <system-out/>
  <testcase classname="com.TestLayer.RegisterPageTest" name="validateMailingInformation" time="0.887"/>
  <system-out/>
  <testcase classname="com.TestLayer.RegisterPageTest" name="validateUserInformation" time="3.546"/>
  <system-out/>
  <testcase classname="com.TestLayer.RegisterPageTest" name="gitProgram" time="0.007"/>
  <system-out/>
</testsuite> <!-- com.TestLayer.RegisterPageTest -->
